2026-03-07 03:19:44.195 | INFO     | __main__:check_database:13 - 开始检查数据库...
2026-03-07 03:19:44.195 | ERROR    | __main__:check_database:43 - ❌ 数据库检查失败: 'NoneType' object is not callable
2026-03-07 03:19:44.196 | ERROR    | __main__:check_database:45 - 错误详情: Traceback (most recent call last):
  File "D:\Users\windows 10\Desktop\git\ozon_spider_webview\check_database.py", line 17, in check_database
    dbSession = DB.session()
                ^^^^^^^^^^^^
TypeError: 'NoneType' object is not callable

2026-03-07 03:20:19.151 | INFO     | __main__:check_database:20 - 开始检查数据库...
2026-03-07 03:20:19.151 | ERROR    | __main__:check_database:57 - ❌ 数据库检查失败: Config.init() missing 1 required positional argument: 'self'
2026-03-07 03:20:19.152 | ERROR    | __main__:check_database:59 - 错误详情: Traceback (most recent call last):
  File "D:\Users\windows 10\Desktop\git\ozon_spider_webview\check_database.py", line 24, in check_database
    Config.init()
TypeError: Config.init() missing 1 required positional argument: 'self'

2026-03-07 03:21:13.525 | INFO     | __main__:check_database:20 - 开始检查数据库...
2026-03-07 03:21:13.552 | INFO     | __main__:check_database:36 - 总商品数量: 2877
2026-03-07 03:21:13.553 | INFO     | __main__:check_database:39 - 前20个商品:
2026-03-07 03:21:13.554 | INFO     | __main__:check_database:42 - 1. SKU: 3074818169, 价格: 146.00, 星级: 4.40, 状态: 0
2026-03-07 03:21:13.555 | INFO     | __main__:check_database:42 - 2. SKU: 2818402532, 价格: 185.00, 星级: 4.60, 状态: 0
2026-03-07 03:21:13.555 | INFO     | __main__:check_database:42 - 3. SKU: 2240859441, 价格: 134.00, 星级: 4.70, 状态: 0
2026-03-07 03:21:13.555 | INFO     | __main__:check_database:42 - 4. SKU: 2018980581, 价格: 172.00, 星级: 4.90, 状态: 0
2026-03-07 03:21:13.555 | INFO     | __main__:check_database:42 - 5. SKU: 1930533751, 价格: 122.00, 星级: 4.80, 状态: 0
2026-03-07 03:21:13.555 | INFO     | __main__:check_database:42 - 6. SKU: 1773321225, 价格: 68.00, 星级: 4.90, 状态: 0
2026-03-07 03:21:13.556 | INFO     | __main__:check_database:42 - 7. SKU: 2795333742, 价格: 117.00, 星级: 4.90, 状态: 0
2026-03-07 03:21:13.556 | INFO     | __main__:check_database:42 - 8. SKU: 3249718510, 价格: 65.00, 星级: 4.70, 状态: 0
2026-03-07 03:21:13.556 | INFO     | __main__:check_database:42 - 9. SKU: 1787863188, 价格: 117.00, 星级: 4.90, 状态: 0
2026-03-07 03:21:13.556 | INFO     | __main__:check_database:42 - 10. SKU: 2985133956, 价格: 191.00, 星级: 4.80, 状态: 0
2026-03-07 03:21:13.557 | INFO     | __main__:check_database:42 - 11. SKU: 2943138351, 价格: 200.00, 星级: 3.80, 状态: 0
2026-03-07 03:21:13.557 | INFO     | __main__:check_database:42 - 12. SKU: 2561265977, 价格: 185.00, 星级: 4.90, 状态: 0
2026-03-07 03:21:13.557 | INFO     | __main__:check_database:42 - 13. SKU: 2126887513, 价格: 166.00, 星级: 4.80, 状态: 0
2026-03-07 03:21:13.558 | INFO     | __main__:check_database:42 - 14. SKU: 3006826631, 价格: 75.00, 星级: 4.50, 状态: 0
2026-03-07 03:21:13.558 | INFO     | __main__:check_database:42 - 15. SKU: 3228743477, 价格: 126.00, 星级: 5.00, 状态: 0
2026-03-07 03:21:13.558 | INFO     | __main__:check_database:42 - 16. SKU: 2626366352, 价格: 146.00, 星级: 4.80, 状态: 0
2026-03-07 03:21:13.559 | INFO     | __main__:check_database:42 - 17. SKU: 3214442116, 价格: 68.00, 星级: 4.90, 状态: 0
2026-03-07 03:21:13.559 | INFO     | __main__:check_database:42 - 18. SKU: 2719857296, 价格: 195.00, 星级: 4.70, 状态: 0
2026-03-07 03:21:13.559 | INFO     | __main__:check_database:42 - 19. SKU: 2436973441, 价格: 86.00, 星级: 4.70, 状态: 0
2026-03-07 03:21:13.559 | INFO     | __main__:check_database:42 - 20. SKU: 1704100737, 价格: 194.00, 星级: 4.80, 状态: 0
2026-03-07 03:21:13.560 | INFO     | __main__:check_database:45 - 价格统计:
2026-03-07 03:21:13.570 | INFO     | __main__:check_database:53 - 价格范围: 最小 49.00, 最大 439.00, 平均 154.46
2026-03-07 03:21:13.570 | INFO     | __main__:check_database:55 - ✅ 数据库检查完成
2026-03-15 23:56:45.300 | INFO     | __main__:check_database:20 - 开始检查数据库...
2026-03-15 23:56:45.313 | ERROR    | __main__:check_database:58 - ❌ 数据库检查失败: 'gbk' codec can't decode byte 0xff in position 0: illegal multibyte sequence
2026-03-15 23:56:45.314 | ERROR    | __main__:check_database:60 - 错误详情: Traceback (most recent call last):
  File "d:\Users\windows 10\Desktop\git\ozon_spider_webview\check_database.py", line 29, in check_database
    db.init()
  File "d:\Users\windows 10\Desktop\git\ozon_spider_webview\pyapp\db\sql\db.py", line 63, in init
    self.migration()
  File "d:\Users\windows 10\Desktop\git\ozon_spider_webview\pyapp\db\sql\db.py", line 99, in migration
    migrationList = f1.readlines()
                    ^^^^^^^^^^^^^^
UnicodeDecodeError: 'gbk' codec can't decode byte 0xff in position 0: illegal multibyte sequence

2026-03-15 23:57:22.527 | INFO     | __main__:check_database:20 - 开始检查数据库...
2026-03-15 23:57:22.543 | ERROR    | __main__:check_database:58 - ❌ 数据库检查失败: (sqlite3.OperationalError) no such column: ppx_storage_var.comment_count
[SQL: SELECT count(*) AS count_1 
FROM (SELECT ppx_storage_var.sku AS ppx_storage_var_sku, ppx_storage_var.price AS ppx_storage_var_price, ppx_storage_var.star AS ppx_storage_var_star, ppx_storage_var.comment_count AS ppx_storage_var_comment_count, ppx_storage_var.status AS ppx_storage_var_status, ppx_storage_var.id AS ppx_storage_var_id, ppx_storage_var.created_at AS ppx_storage_var_created_at, ppx_storage_var.updated_at AS ppx_storage_var_updated_at 
FROM ppx_storage_var) AS anon_1]
(Background on this error at: https://sqlalche.me/e/20/e3q8)
2026-03-15 23:57:22.550 | ERROR    | __main__:check_database:60 - 错误详情: Traceback (most recent call last):
  File "C:\Users\windows 10\python-sdk\python3.12.9\Lib\site-packages\sqlalchemy\engine\base.py", line 1964, in _exec_single_context
    self.dialect.do_execute(
  File "C:\Users\windows 10\python-sdk\python3.12.9\Lib\site-packages\sqlalchemy\engine\default.py", line 748, in do_execute
    cursor.execute(statement, parameters)
sqlite3.OperationalError: no such column: ppx_storage_var.comment_count

The above exception was the direct cause of the following exception:

Traceback (most recent call last):
  File "d:\Users\windows 10\Desktop\git\ozon_spider_webview\check_database.py", line 35, in check_database
    total_count = dbSession.query(PPXStorageVar).count()
                  ^^^^^^^^^^^^^^^^^^^^^^^^^^^^^^^^^^^^^^
  File "C:\Users\windows 10\python-sdk\python3.12.9\Lib\site-packages\sqlalchemy\orm\query.py", line 3140, in count
    self._legacy_from_self(col).enable_eagerloads(False).scalar()
  File "C:\Users\windows 10\python-sdk\python3.12.9\Lib\site-packages\sqlalchemy\orm\query.py", line 2833, in scalar
    ret = self.one()
          ^^^^^^^^^^
  File "C:\Users\windows 10\python-sdk\python3.12.9\Lib\site-packages\sqlalchemy\orm\query.py", line 2806, in one
    return self._iter().one()  # type: ignore
           ^^^^^^^^^^^^
  File "C:\Users\windows 10\python-sdk\python3.12.9\Lib\site-packages\sqlalchemy\orm\query.py", line 2855, in _iter
    result: Union[ScalarResult[_T], Result[_T]] = self.session.execute(
                                                  ^^^^^^^^^^^^^^^^^^^^^
  File "C:\Users\windows 10\python-sdk\python3.12.9\Lib\site-packages\sqlalchemy\orm\session.py", line 2229, in execute
    return self._execute_internal(
           ^^^^^^^^^^^^^^^^^^^^^^^
  File "C:\Users\windows 10\python-sdk\python3.12.9\Lib\site-packages\sqlalchemy\orm\session.py", line 2124, in _execute_internal
    result: Result[Any] = compile_state_cls.orm_execute_statement(
                          ^^^^^^^^^^^^^^^^^^^^^^^^^^^^^^^^^^^^^^^^
  File "C:\Users\windows 10\python-sdk\python3.12.9\Lib\site-packages\sqlalchemy\orm\context.py", line 253, in orm_execute_statement
    result = conn.execute(
             ^^^^^^^^^^^^^
  File "C:\Users\windows 10\python-sdk\python3.12.9\Lib\site-packages\sqlalchemy\engine\base.py", line 1414, in execute
    return meth(
           ^^^^^
  File "C:\Users\windows 10\python-sdk\python3.12.9\Lib\site-packages\sqlalchemy\sql\elements.py", line 486, in _execute_on_connection
    return connection._execute_clauseelement(
           ^^^^^^^^^^^^^^^^^^^^^^^^^^^^^^^^^^
  File "C:\Users\windows 10\python-sdk\python3.12.9\Lib\site-packages\sqlalchemy\engine\base.py", line 1638, in _execute_clauseelement
    ret = self._execute_context(
          ^^^^^^^^^^^^^^^^^^^^^^
  File "C:\Users\windows 10\python-sdk\python3.12.9\Lib\site-packages\sqlalchemy\engine\base.py", line 1842, in _execute_context
    return self._exec_single_context(
           ^^^^^^^^^^^^^^^^^^^^^^^^^^
  File "C:\Users\windows 10\python-sdk\python3.12.9\Lib\site-packages\sqlalchemy\engine\base.py", line 1983, in _exec_single_context
    self._handle_dbapi_exception(
  File "C:\Users\windows 10\python-sdk\python3.12.9\Lib\site-packages\sqlalchemy\engine\base.py", line 2326, in _handle_dbapi_exception
    raise sqlalchemy_exception.with_traceback(exc_info[2]) from e
  File "C:\Users\windows 10\python-sdk\python3.12.9\Lib\site-packages\sqlalchemy\engine\base.py", line 1964, in _exec_single_context
    self.dialect.do_execute(
  File "C:\Users\windows 10\python-sdk\python3.12.9\Lib\site-packages\sqlalchemy\engine\default.py", line 748, in do_execute
    cursor.execute(statement, parameters)
sqlalchemy.exc.OperationalError: (sqlite3.OperationalError) no such column: ppx_storage_var.comment_count
[SQL: SELECT count(*) AS count_1 
FROM (SELECT ppx_storage_var.sku AS ppx_storage_var_sku, ppx_storage_var.price AS ppx_storage_var_price, ppx_storage_var.star AS ppx_storage_var_star, ppx_storage_var.comment_count AS ppx_storage_var_comment_count, ppx_storage_var.status AS ppx_storage_var_status, ppx_storage_var.id AS ppx_storage_var_id, ppx_storage_var.created_at AS ppx_storage_var_created_at, ppx_storage_var.updated_at AS ppx_storage_var_updated_at 
FROM ppx_storage_var) AS anon_1]
(Background on this error at: https://sqlalche.me/e/20/e3q8)

