0 verbose cli D:\nodejs\node.exe D:\nodejs\node_modules\npm\bin\npm-cli.js
1 info using npm@11.9.0
2 info using node@v24.14.0
3 silly config load:file:D:\nodejs\node_modules\npm\npmrc
4 warn Unknown env config "npm-globalconfig". This will stop working in the next major version of npm.
5 warn Unknown env config "verify-deps-before-run". This will stop working in the next major version of npm.
6 warn Unknown env config "_jsr-registry". This will stop working in the next major version of npm.
7 silly config load:file:D:\Users\windows 10\Desktop\git\ozon_spider_webview\.npmrc
8 silly config load:file:C:\Users\windows 10\.npmrc
9 silly config load:file:C:\Users\windows 10\AppData\Local\pnpm\config\rc
10 verbose title npm run-script startos:windows
11 verbose argv "run-script" "startos:windows"
12 verbose logfile logs-max:10 dir:D:\Users\windows 10\Desktop\git\ozon_spider_webview\%USERPROFILE%\.npm-cache\_logs\2026-03-15T15_32_52_364Z-
13 verbose logfile D:\Users\windows 10\Desktop\git\ozon_spider_webview\%USERPROFILE%\.npm-cache\_logs\2026-03-15T15_32_52_364Z-debug-0.log
14 silly logfile done cleaning log files
15 verbose cwd D:\Users\windows 10\Desktop\git\ozon_spider_webview
16 verbose os Windows_NT 10.0.19045
17 verbose node v24.14.0
18 verbose npm  v11.9.0
19 verbose exit -1073741510
20 verbose code -1073741510
