0 verbose cli D:\nodejs\node.exe D:\nodejs\node_modules\npm\bin\npm-cli.js
1 info using npm@11.9.0
2 info using node@v24.14.0
3 silly config load:file:D:\nodejs\node_modules\npm\npmrc
4 warn "alembic.ini" is being parsed as a normal command line argument.
5 warn Unknown cli config "--config". This will stop working in the next major version of npm.
6 warn Unknown env config "npm-globalconfig". This will stop working in the next major version of npm.
7 warn Unknown env config "verify-deps-before-run". This will stop working in the next major version of npm.
8 warn Unknown env config "_jsr-registry". This will stop working in the next major version of npm.
9 silly config load:file:D:\Users\windows 10\Desktop\git\ozon_spider_webview\.npmrc
10 silly config load:file:C:\Users\windows 10\.npmrc
11 silly config load:file:C:\Users\windows 10\AppData\Local\pnpm\config\rc
12 verbose title npm run-script alembic:windows alembic.ini upgrade head
13 verbose argv "run-script" "alembic:windows" "--config" "alembic.ini" "upgrade" "head"
14 verbose logfile logs-max:10 dir:D:\Users\windows 10\Desktop\git\ozon_spider_webview\%USERPROFILE%\.npm-cache\_logs\2026-03-15T16_01_22_721Z-
15 verbose logfile D:\Users\windows 10\Desktop\git\ozon_spider_webview\%USERPROFILE%\.npm-cache\_logs\2026-03-15T16_01_22_721Z-debug-0.log
16 silly logfile done cleaning log files
17 verbose cwd D:\Users\windows 10\Desktop\git\ozon_spider_webview
18 verbose os Windows_NT 10.0.19045
19 verbose node v24.14.0
20 verbose npm  v11.9.0
21 verbose exit 2
22 verbose code 2
